2025-12-22 11:20:22,738 [INFO] Bot initialized - Capital: $1,000.00
2025-12-22 11:20:22,739 [INFO] Params: Entry=40, Exit=16, Trail=4.0
2025-12-22 11:20:22,739 [INFO] 
======================================================================
2025-12-22 11:20:22,740 [INFO] ======================================================================
2025-12-22 11:20:22,741 [INFO] Capital: $1,000.00
2025-12-22 11:20:22,741 [INFO] Testnet: True
2025-12-22 11:20:22,741 [INFO] ======================================================================

2025-12-22 11:20:22,741 [INFO] ======================================================================
2025-12-22 11:20:22,741 [INFO] Checking - 2025-12-22 11:20:22.741753
2025-12-22 11:20:23,125 [INFO] Price: $89,528.58
2025-12-22 11:20:23,125 [INFO] ATR: $20,161.33
2025-12-22 11:20:23,125 [INFO] Entry High: $120,000.00
2025-12-22 11:20:23,125 [INFO] Exit Low: $35,000.00
2025-12-22 11:20:23,125 [INFO] Equity: $1,000.00
2025-12-22 11:20:23,126 [INFO] Position: 0.00000 BTC
2025-12-22 11:20:23,126 [INFO] ======================================================================
2025-12-22 11:20:23,126 [INFO] Sleeping 1 hour...

2025-12-22 11:21:26,236 [INFO] Connected to Binance TESTNET
2025-12-22 11:21:26,237 [INFO] Bot initialized - Capital: $1,000.00
2025-12-22 11:21:26,237 [INFO] Params: Entry=40, Exit=16, Trail=4.0
2025-12-22 11:21:26,237 [INFO] 
======================================================================
2025-12-22 11:21:26,237 [INFO] PAPER TRADING BOT STARTED
2025-12-22 11:21:26,237 [INFO] ======================================================================
2025-12-22 11:21:26,237 [INFO] Capital: $1,000.00
2025-12-22 11:21:26,237 [INFO] Testnet: True
2025-12-22 11:21:26,237 [INFO] ======================================================================

2025-12-22 11:21:26,238 [INFO] ======================================================================
2025-12-22 11:21:26,238 [INFO] Checking - 2025-12-22 11:21:26.238292
2025-12-22 11:21:26,578 [INFO] Price: $89,539.69
2025-12-22 11:21:26,579 [INFO] ATR: $20,161.33
2025-12-22 11:21:26,579 [INFO] Entry High: $120,000.00
2025-12-22 11:21:26,579 [INFO] Exit Low: $35,000.00
2025-12-22 11:21:26,579 [INFO] Equity: $1,000.00
2025-12-22 11:21:26,579 [INFO] Position: 0.00000 BTC
2025-12-22 11:21:26,579 [INFO] ======================================================================
2025-12-22 11:21:26,580 [INFO] Sleeping 1 hour...

2025-12-22 11:33:07,697 [INFO] 
Stopped by user
2025-12-22 11:33:07,697 [INFO] 
======================================================================
2025-12-22 11:33:07,698 [INFO] FINAL STATS
2025-12-22 11:33:07,698 [INFO] ======================================================================
2025-12-22 11:33:07,698 [INFO] Initial: $1,000.00
2025-12-22 11:33:07,698 [INFO] Final: $1,000.00
2025-12-22 11:33:07,698 [INFO] Return: +0.00%
2025-12-22 11:33:07,698 [INFO] ======================================================================
2025-12-22 12:20:23,127 [INFO] ======================================================================
2025-12-22 12:20:23,148 [INFO] Checking - 2025-12-22 12:20:23.147977
2025-12-22 12:20:24,304 [INFO] Price: $89,747.52
2025-12-22 12:20:24,305 [INFO] ATR: $20,180.37
2025-12-22 12:20:24,305 [INFO] Entry High: $120,000.00
2025-12-22 12:20:24,305 [INFO] Exit Low: $35,000.00
2025-12-22 12:20:24,305 [INFO] Equity: $1,000.00
2025-12-22 12:20:24,305 [INFO] Position: 0.00000 BTC
2025-12-22 12:20:24,305 [INFO] ======================================================================
2025-12-22 12:20:24,305 [INFO] Sleeping 1 hour...

2025-12-22 13:20:24,307 [INFO] ======================================================================
2025-12-22 13:20:24,308 [INFO] Checking - 2025-12-22 13:20:24.308593
2025-12-22 13:20:25,044 [INFO] Price: $89,714.76
2025-12-22 13:20:25,045 [INFO] ATR: $20,180.37
2025-12-22 13:20:25,045 [INFO] Entry High: $120,000.00
2025-12-22 13:20:25,045 [INFO] Exit Low: $35,000.00
2025-12-22 13:20:25,045 [INFO] Equity: $1,000.00
2025-12-22 13:20:25,045 [INFO] Position: 0.00000 BTC
2025-12-22 13:20:25,045 [INFO] ======================================================================
2025-12-22 13:20:25,045 [INFO] Sleeping 1 hour...

2025-12-22 14:20:25,046 [INFO] ======================================================================
2025-12-22 14:20:25,046 [INFO] Checking - 2025-12-22 14:20:25.046821
2025-12-22 14:20:25,803 [INFO] Price: $90,125.84
2025-12-22 14:20:25,804 [INFO] ATR: $20,677.99
2025-12-22 14:20:25,804 [INFO] Entry High: $120,000.00
2025-12-22 14:20:25,804 [INFO] Exit Low: $35,000.00
2025-12-22 14:20:25,804 [INFO] Equity: $1,000.00
2025-12-22 14:20:25,804 [INFO] Position: 0.00000 BTC
2025-12-22 14:20:25,805 [INFO] ======================================================================
2025-12-22 14:20:25,805 [INFO] Sleeping 1 hour...

2025-12-22 16:37:46,930 [INFO] ======================================================================
2025-12-22 16:37:46,931 [INFO] Checking - 2025-12-22 16:37:46.931328
2025-12-22 16:37:47,699 [INFO] Price: $89,778.87
2025-12-22 16:37:47,699 [INFO] ATR: $22,378.69
2025-12-22 16:37:47,699 [INFO] Entry High: $120,000.00
2025-12-22 16:37:47,700 [INFO] Exit Low: $35,000.00
2025-12-22 16:37:47,700 [INFO] Equity: $1,000.00
2025-12-22 16:37:47,700 [INFO] Position: 0.00000 BTC
2025-12-22 16:37:47,700 [INFO] ======================================================================
2025-12-22 16:37:47,700 [INFO] Sleeping 1 hour...

2025-12-22 17:37:47,701 [INFO] ======================================================================
2025-12-22 17:37:47,701 [INFO] Checking - 2025-12-22 17:37:47.701882
2025-12-22 17:37:48,864 [INFO] Price: $89,136.43
2025-12-22 17:37:48,864 [INFO] ATR: $22,378.69
2025-12-22 17:37:48,864 [INFO] Entry High: $120,000.00
2025-12-22 17:37:48,864 [INFO] Exit Low: $35,000.00
2025-12-22 17:37:48,864 [INFO] Equity: $1,000.00
2025-12-22 17:37:48,865 [INFO] Position: 0.00000 BTC
2025-12-22 17:37:48,865 [INFO] ======================================================================
2025-12-22 17:37:48,865 [INFO] Sleeping 1 hour...

2025-12-22 18:37:48,865 [INFO] ======================================================================
2025-12-22 18:37:48,866 [INFO] Checking - 2025-12-22 18:37:48.866088
2025-12-22 18:37:50,059 [INFO] Price: $89,624.71
2025-12-22 18:37:50,059 [INFO] ATR: $22,279.26
2025-12-22 18:37:50,060 [INFO] Entry High: $120,000.00
2025-12-22 18:37:50,060 [INFO] Exit Low: $35,000.00
2025-12-22 18:37:50,060 [INFO] Equity: $1,000.00
2025-12-22 18:37:50,060 [INFO] Position: 0.00000 BTC
2025-12-22 18:37:50,060 [INFO] ======================================================================
2025-12-22 18:37:50,060 [INFO] Sleeping 1 hour...

2025-12-22 19:37:50,061 [INFO] ======================================================================
2025-12-22 19:37:50,061 [INFO] Checking - 2025-12-22 19:37:50.061855
2025-12-22 19:37:51,232 [INFO] Price: $89,383.98
2025-12-22 19:37:51,232 [INFO] ATR: $25,727.03
2025-12-22 19:37:51,232 [INFO] Entry High: $120,000.00
2025-12-22 19:37:51,233 [INFO] Exit Low: $35,000.00
2025-12-22 19:37:51,233 [INFO] Equity: $1,000.00
2025-12-22 19:37:51,233 [INFO] Position: 0.00000 BTC
2025-12-22 19:37:51,233 [INFO] ======================================================================
2025-12-22 19:37:51,233 [INFO] Sleeping 1 hour...

2025-12-22 20:37:51,234 [INFO] ======================================================================
2025-12-22 20:37:51,235 [INFO] Checking - 2025-12-22 20:37:51.235083
2025-12-22 20:37:52,026 [INFO] Price: $89,424.62
2025-12-22 20:37:52,026 [INFO] ATR: $26,200.05
2025-12-22 20:37:52,026 [INFO] Entry High: $120,000.00
2025-12-22 20:37:52,027 [INFO] Exit Low: $35,000.00
2025-12-22 20:37:52,027 [INFO] Equity: $1,000.00
2025-12-22 20:37:52,027 [INFO] Position: 0.00000 BTC
2025-12-22 20:37:52,027 [INFO] ======================================================================
2025-12-22 20:37:52,027 [INFO] Sleeping 1 hour...

2025-12-22 21:37:52,028 [INFO] ======================================================================
2025-12-22 21:37:52,029 [INFO] Checking - 2025-12-22 21:37:52.029072
2025-12-22 21:37:52,789 [INFO] Price: $88,439.30
2025-12-22 21:37:52,789 [INFO] ATR: $26,200.05
2025-12-22 21:37:52,790 [INFO] Entry High: $120,000.00
2025-12-22 21:37:52,790 [INFO] Exit Low: $35,000.00
2025-12-22 21:37:52,790 [INFO] Equity: $1,000.00
2025-12-22 21:37:52,790 [INFO] Position: 0.00000 BTC
2025-12-22 21:37:52,790 [INFO] ======================================================================
2025-12-22 21:37:52,790 [INFO] Sleeping 1 hour...

2025-12-22 22:37:52,791 [INFO] ======================================================================
2025-12-22 22:37:52,792 [INFO] Checking - 2025-12-22 22:37:52.792571
2025-12-22 22:37:53,885 [INFO] Price: $88,132.24
2025-12-22 22:37:53,886 [INFO] ATR: $24,239.76
2025-12-22 22:37:53,886 [INFO] Entry High: $120,000.00
2025-12-22 22:37:53,886 [INFO] Exit Low: $20,000.00
2025-12-22 22:37:53,887 [INFO] Equity: $1,000.00
2025-12-22 22:37:53,887 [INFO] Position: 0.00000 BTC
2025-12-22 22:37:53,887 [INFO] ======================================================================
2025-12-22 22:37:53,887 [INFO] Sleeping 1 hour...

2025-12-22 23:37:53,888 [INFO] ======================================================================
2025-12-22 23:37:53,888 [INFO] Checking - 2025-12-22 23:37:53.888748
2025-12-22 23:37:54,695 [INFO] Price: $88,497.19
2025-12-22 23:37:54,696 [INFO] ATR: $24,345.14
2025-12-22 23:37:54,696 [INFO] Entry High: $120,000.00
2025-12-22 23:37:54,696 [INFO] Exit Low: $20,000.00
2025-12-22 23:37:54,696 [INFO] Equity: $1,000.00
2025-12-22 23:37:54,696 [INFO] Position: 0.00000 BTC
2025-12-22 23:37:54,696 [INFO] ======================================================================
2025-12-22 23:37:54,696 [INFO] Sleeping 1 hour...

